2021-11-10 18:51:21.696  INFO 13620 --- [main] tn.esprit.spring.ContartServiceTest      : Starting ContartServiceTest on DESKTOP-MPGD0JV with PID 13620 (started by syrine in C:\Users\syrine\Documents\GitHub\timesheetDevops)
2021-11-10 18:51:21.704  INFO 13620 --- [main] tn.esprit.spring.ContartServiceTest      : No active profile set, falling back to default profiles: default
2021-11-10 18:51:22.868  INFO 13620 --- [main] .s.d.r.c.RepositoryConfigurationDelegate : Bootstrapping Spring Data repositories in DEFAULT mode.
2021-11-10 18:51:22.994  INFO 13620 --- [main] .s.d.r.c.RepositoryConfigurationDelegate : Finished Spring Data repository scanning in 110ms. Found 6 repository interfaces.
2021-11-10 18:51:23.782  INFO 13620 --- [main] trationDelegate$BeanPostProcessorChecker : Bean 'org.springframework.transaction.annotation.ProxyTransactionManagementConfiguration' of type [org.springframework.transaction.annotation.ProxyTransactionManagementConfiguration$$EnhancerBySpringCGLIB$$2652c71] is not eligible for getting processed by all BeanPostProcessors (for example: not eligible for auto-proxying)
2021-11-10 18:51:24.112  INFO 13620 --- [main] com.zaxxer.hikari.HikariDataSource       : HikariPool-1 - Starting...
2021-11-10 18:51:25.416  INFO 13620 --- [main] com.zaxxer.hikari.HikariDataSource       : HikariPool-1 - Start completed.
2021-11-10 18:51:25.572  INFO 13620 --- [main] o.hibernate.jpa.internal.util.LogHelper  : HHH000204: Processing PersistenceUnitInfo [
	name: default
	...]
2021-11-10 18:51:25.782  INFO 13620 --- [main] org.hibernate.Version                    : HHH000412: Hibernate Core {5.3.9.Final}
2021-11-10 18:51:25.786  INFO 13620 --- [main] org.hibernate.cfg.Environment            : HHH000206: hibernate.properties not found
2021-11-10 18:51:26.060  INFO 13620 --- [main] o.hibernate.annotations.common.Version   : HCANN000001: Hibernate Commons Annotations {5.0.4.Final}
2021-11-10 18:51:26.645  INFO 13620 --- [main] org.hibernate.dialect.Dialect            : HHH000400: Using dialect: org.hibernate.dialect.MySQL5Dialect
2021-11-10 18:51:29.787  INFO 13620 --- [main] j.LocalContainerEntityManagerFactoryBean : Initialized JPA EntityManagerFactory for persistence unit 'default'
2021-11-10 18:51:30.514  INFO 13620 --- [main] o.h.h.i.QueryTranslatorFactoryInitiator  : HHH000397: Using ASTQueryTranslatorFactory
2021-11-10 18:51:33.339  INFO 13620 --- [main] o.s.s.concurrent.ThreadPoolTaskExecutor  : Initializing ExecutorService 'applicationTaskExecutor'
2021-11-10 18:51:33.452  WARN 13620 --- [main] aWebConfiguration$JpaWebMvcConfiguration : spring.jpa.open-in-view is enabled by default. Therefore, database queries may be performed during view rendering. Explicitly configure spring.jpa.open-in-view to disable this warning
2021-11-10 18:51:34.040  INFO 13620 --- [main] tn.esprit.spring.ContartServiceTest      : Started ContartServiceTest in 12.848 seconds (JVM running for 14.75)
2021-11-10 18:51:34.884  INFO 13620 --- [main] tn.esprit.spring.ContartServiceTest      : ajouterContrat : tn.esprit.spring.entities.Contrat@42f4c908
2021-11-10 18:51:34.912  INFO 13620 --- [main] tn.esprit.spring.ContartServiceTest      : deleteAllContratJPQL 
2021-11-10 18:51:34.947  INFO 13620 --- [main] tn.esprit.spring.ContartServiceTest      : deleteContratById : tn.esprit.spring.entities.Contrat@3edb4a6c
2021-11-10 18:51:34.962 ERROR 13620 --- [main] tn.esprit.spring.ContartServiceTest      : Erreur affecterContratAEmploye : Contrat : tn.esprit.spring.entities.Contrat@5979bfac Employe : tn.esprit.spring.entities.Employe@9f941a6
2021-11-10 18:51:34.966  INFO 13620 --- [main] .b.t.c.SpringBootTestContextBootstrapper : Neither @ContextConfiguration nor @ContextHierarchy found for test class [tn.esprit.spring.DepartementServiceImplTest], using SpringBootContextLoader
2021-11-10 18:51:34.967  INFO 13620 --- [main] o.s.t.c.support.AbstractContextLoader    : Could not detect default resource locations for test class [tn.esprit.spring.DepartementServiceImplTest]: no resource found for suffixes {-context.xml, Context.groovy}.
2021-11-10 18:51:34.968  INFO 13620 --- [main] t.c.s.AnnotationConfigContextLoaderUtils : Could not detect default configuration classes for test class [tn.esprit.spring.DepartementServiceImplTest]: DepartementServiceImplTest does not declare any static, non-private, non-final, nested classes annotated with @Configuration.
2021-11-10 18:51:34.970  INFO 13620 --- [main] .b.t.c.SpringBootTestContextBootstrapper : Found @SpringBootConfiguration tn.esprit.spring.TimesheetSpringBootCoreDataJpaMvcRest1Application for test class tn.esprit.spring.DepartementServiceImplTest
2021-11-10 18:51:34.972  INFO 13620 --- [main] .b.t.c.SpringBootTestContextBootstrapper : Loaded default TestExecutionListener class names from location [META-INF/spring.factories]: [org.springframework.boot.test.mock.mockito.MockitoTestExecutionListener, org.springframework.boot.test.mock.mockito.ResetMocksTestExecutionListener, org.springframework.boot.test.autoconfigure.restdocs.RestDocsTestExecutionListener, org.springframework.boot.test.autoconfigure.web.client.MockRestServiceServerResetTestExecutionListener, org.springframework.boot.test.autoconfigure.web.servlet.MockMvcPrintOnlyOnFailureTestExecutionListener, org.springframework.boot.test.autoconfigure.web.servlet.WebDriverTestExecutionListener, org.springframework.test.context.web.ServletTestExecutionListener, org.springframework.test.context.support.DirtiesContextBeforeModesTestExecutionListener, org.springframework.test.context.support.DependencyInjectionTestExecutionListener, org.springframework.test.context.support.DirtiesContextTestExecutionListener, org.springframework.test.context.transaction.TransactionalTestExecutionListener, org.springframework.test.context.jdbc.SqlScriptsTestExecutionListener]
2021-11-10 18:51:34.973  INFO 13620 --- [main] .b.t.c.SpringBootTestContextBootstrapper : Using TestExecutionListeners: [org.springframework.test.context.web.ServletTestExecutionListener@c27321, org.springframework.test.context.support.DirtiesContextBeforeModesTestExecutionListener@704f0dda, org.springframework.boot.test.mock.mockito.MockitoTestExecutionListener@aa81953, org.springframework.boot.test.autoconfigure.SpringBootDependencyInjectionTestExecutionListener@66c537b0, org.springframework.test.context.support.DirtiesContextTestExecutionListener@750d1b32, org.springframework.test.context.transaction.TransactionalTestExecutionListener@7d24f994, org.springframework.test.context.jdbc.SqlScriptsTestExecutionListener@370c05e2, org.springframework.boot.test.mock.mockito.ResetMocksTestExecutionListener@783bdc04, org.springframework.boot.test.autoconfigure.restdocs.RestDocsTestExecutionListener@65729cba, org.springframework.boot.test.autoconfigure.web.client.MockRestServiceServerResetTestExecutionListener@3f4021d9, org.springframework.boot.test.autoconfigure.web.servlet.MockMvcPrintOnlyOnFailureTestExecutionListener@68b400c6, org.springframework.boot.test.autoconfigure.web.servlet.WebDriverTestExecutionListener@4e492a28]
2021-11-10 18:51:34.997 ERROR 13620 --- [main] t.e.spring.DepartementServiceImplTest    : java.util.NoSuchElementException: No value present

java.util.NoSuchElementException: No value present
	at java.util.Optional.get(Optional.java:135) ~[na:1.8.0_60]
	at tn.esprit.spring.services.TimesheetServiceImpl.affecterMissionADepartement(TimesheetServiceImpl.java:40) ~[classes/:na]
	at tn.esprit.spring.DepartementServiceImplTest.testaffecterMissionADepartement(DepartementServiceImplTest.java:110) ~[test-classes/:na]
	at sun.reflect.NativeMethodAccessorImpl.invoke0(Native Method) ~[na:1.8.0_60]
	at sun.reflect.NativeMethodAccessorImpl.invoke(NativeMethodAccessorImpl.java:62) ~[na:1.8.0_60]
	at sun.reflect.DelegatingMethodAccessorImpl.invoke(DelegatingMethodAccessorImpl.java:43) ~[na:1.8.0_60]
	at java.lang.reflect.Method.invoke(Method.java:497) ~[na:1.8.0_60]
	at org.junit.runners.model.FrameworkMethod$1.runReflectiveCall(FrameworkMethod.java:50) [junit-4.12.jar:4.12]
	at org.junit.internal.runners.model.ReflectiveCallable.run(ReflectiveCallable.java:12) [junit-4.12.jar:4.12]
	at org.junit.runners.model.FrameworkMethod.invokeExplosively(FrameworkMethod.java:47) [junit-4.12.jar:4.12]
	at org.junit.internal.runners.statements.InvokeMethod.evaluate(InvokeMethod.java:17) [junit-4.12.jar:4.12]
	at org.springframework.test.context.junit4.statements.RunBeforeTestExecutionCallbacks.evaluate(RunBeforeTestExecutionCallbacks.java:74) [spring-test-5.1.6.RELEASE.jar:5.1.6.RELEASE]
	at org.springframework.test.context.junit4.statements.RunAfterTestExecutionCallbacks.evaluate(RunAfterTestExecutionCallbacks.java:84) [spring-test-5.1.6.RELEASE.jar:5.1.6.RELEASE]
	at org.springframework.test.context.junit4.statements.RunBeforeTestMethodCallbacks.evaluate(RunBeforeTestMethodCallbacks.java:75) [spring-test-5.1.6.RELEASE.jar:5.1.6.RELEASE]
	at org.springframework.test.context.junit4.statements.RunAfterTestMethodCallbacks.evaluate(RunAfterTestMethodCallbacks.java:86) [spring-test-5.1.6.RELEASE.jar:5.1.6.RELEASE]
	at org.springframework.test.context.junit4.statements.SpringRepeat.evaluate(SpringRepeat.java:84) [spring-test-5.1.6.RELEASE.jar:5.1.6.RELEASE]
	at org.junit.runners.ParentRunner.runLeaf(ParentRunner.java:325) [junit-4.12.jar:4.12]
	at org.springframework.test.context.junit4.SpringJUnit4ClassRunner.runChild(SpringJUnit4ClassRunner.java:251) [spring-test-5.1.6.RELEASE.jar:5.1.6.RELEASE]
	at org.springframework.test.context.junit4.SpringJUnit4ClassRunner.runChild(SpringJUnit4ClassRunner.java:97) [spring-test-5.1.6.RELEASE.jar:5.1.6.RELEASE]
	at org.junit.runners.ParentRunner$3.run(ParentRunner.java:290) [junit-4.12.jar:4.12]
	at org.junit.runners.ParentRunner$1.schedule(ParentRunner.java:71) [junit-4.12.jar:4.12]
	at org.junit.runners.ParentRunner.runChildren(ParentRunner.java:288) [junit-4.12.jar:4.12]
	at org.junit.runners.ParentRunner.access$000(ParentRunner.java:58) [junit-4.12.jar:4.12]
	at org.junit.runners.ParentRunner$2.evaluate(ParentRunner.java:268) [junit-4.12.jar:4.12]
	at org.springframework.test.context.junit4.statements.RunBeforeTestClassCallbacks.evaluate(RunBeforeTestClassCallbacks.java:61) [spring-test-5.1.6.RELEASE.jar:5.1.6.RELEASE]
	at org.springframework.test.context.junit4.statements.RunAfterTestClassCallbacks.evaluate(RunAfterTestClassCallbacks.java:70) [spring-test-5.1.6.RELEASE.jar:5.1.6.RELEASE]
	at org.junit.runners.ParentRunner.run(ParentRunner.java:363) [junit-4.12.jar:4.12]
	at org.springframework.test.context.junit4.SpringJUnit4ClassRunner.run(SpringJUnit4ClassRunner.java:190) [spring-test-5.1.6.RELEASE.jar:5.1.6.RELEASE]
	at org.apache.maven.surefire.junit4.JUnit4Provider.execute(JUnit4Provider.java:365) [surefire-junit4-2.22.1.jar:2.22.1]
	at org.apache.maven.surefire.junit4.JUnit4Provider.executeWithRerun(JUnit4Provider.java:273) [surefire-junit4-2.22.1.jar:2.22.1]
	at org.apache.maven.surefire.junit4.JUnit4Provider.executeTestSet(JUnit4Provider.java:238) [surefire-junit4-2.22.1.jar:2.22.1]
	at org.apache.maven.surefire.junit4.JUnit4Provider.invoke(JUnit4Provider.java:159) [surefire-junit4-2.22.1.jar:2.22.1]
	at org.apache.maven.surefire.booter.ForkedBooter.invokeProviderInSameClassLoader(ForkedBooter.java:384) [surefire-booter-2.22.1.jar:2.22.1]
	at org.apache.maven.surefire.booter.ForkedBooter.runSuitesInProcess(ForkedBooter.java:345) [surefire-booter-2.22.1.jar:2.22.1]
	at org.apache.maven.surefire.booter.ForkedBooter.execute(ForkedBooter.java:126) [surefire-booter-2.22.1.jar:2.22.1]
	at org.apache.maven.surefire.booter.ForkedBooter.main(ForkedBooter.java:418) [surefire-booter-2.22.1.jar:2.22.1]

2021-11-10 18:51:35.136  INFO 13620 --- [main] t.e.spring.DepartementServiceImplTest    : Departement Ajouté : tn.esprit.spring.entities.Departement@7ad06a65
2021-11-10 18:51:35.154 ERROR 13620 --- [main] t.e.spring.DepartementServiceImplTest    : java.util.NoSuchElementException: No value present

java.util.NoSuchElementException: No value present
	at java.util.Optional.get(Optional.java:135) ~[na:1.8.0_60]
	at tn.esprit.spring.services.EntrepriseServiceImpl.deleteDepartementById(EntrepriseServiceImpl.java:59) ~[classes/:na]
	at tn.esprit.spring.services.EntrepriseServiceImpl$$FastClassBySpringCGLIB$$f018a7cc.invoke(<generated>) ~[classes/:na]
	at org.springframework.cglib.proxy.MethodProxy.invoke(MethodProxy.java:218) ~[spring-core-5.1.6.RELEASE.jar:5.1.6.RELEASE]
	at org.springframework.aop.framework.CglibAopProxy$CglibMethodInvocation.invokeJoinpoint(CglibAopProxy.java:749) ~[spring-aop-5.1.6.RELEASE.jar:5.1.6.RELEASE]
	at org.springframework.aop.framework.ReflectiveMethodInvocation.proceed(ReflectiveMethodInvocation.java:163) ~[spring-aop-5.1.6.RELEASE.jar:5.1.6.RELEASE]
	at org.springframework.transaction.interceptor.TransactionAspectSupport.invokeWithinTransaction(TransactionAspectSupport.java:294) ~[spring-tx-5.1.6.RELEASE.jar:5.1.6.RELEASE]
	at org.springframework.transaction.interceptor.TransactionInterceptor.invoke(TransactionInterceptor.java:98) ~[spring-tx-5.1.6.RELEASE.jar:5.1.6.RELEASE]
	at org.springframework.aop.framework.ReflectiveMethodInvocation.proceed(ReflectiveMethodInvocation.java:186) ~[spring-aop-5.1.6.RELEASE.jar:5.1.6.RELEASE]
	at org.springframework.aop.framework.CglibAopProxy$DynamicAdvisedInterceptor.intercept(CglibAopProxy.java:688) ~[spring-aop-5.1.6.RELEASE.jar:5.1.6.RELEASE]
	at tn.esprit.spring.services.EntrepriseServiceImpl$$EnhancerBySpringCGLIB$$f86b2efd.deleteDepartementById(<generated>) ~[classes/:na]
	at tn.esprit.spring.DepartementServiceImplTest.testdeleteDepartementById(DepartementServiceImplTest.java:49) ~[test-classes/:na]
	at sun.reflect.NativeMethodAccessorImpl.invoke0(Native Method) ~[na:1.8.0_60]
	at sun.reflect.NativeMethodAccessorImpl.invoke(NativeMethodAccessorImpl.java:62) ~[na:1.8.0_60]
	at sun.reflect.DelegatingMethodAccessorImpl.invoke(DelegatingMethodAccessorImpl.java:43) ~[na:1.8.0_60]
	at java.lang.reflect.Method.invoke(Method.java:497) ~[na:1.8.0_60]
	at org.junit.runners.model.FrameworkMethod$1.runReflectiveCall(FrameworkMethod.java:50) [junit-4.12.jar:4.12]
	at org.junit.internal.runners.model.ReflectiveCallable.run(ReflectiveCallable.java:12) [junit-4.12.jar:4.12]
	at org.junit.runners.model.FrameworkMethod.invokeExplosively(FrameworkMethod.java:47) [junit-4.12.jar:4.12]
	at org.junit.internal.runners.statements.InvokeMethod.evaluate(InvokeMethod.java:17) [junit-4.12.jar:4.12]
	at org.springframework.test.context.junit4.statements.RunBeforeTestExecutionCallbacks.evaluate(RunBeforeTestExecutionCallbacks.java:74) [spring-test-5.1.6.RELEASE.jar:5.1.6.RELEASE]
	at org.springframework.test.context.junit4.statements.RunAfterTestExecutionCallbacks.evaluate(RunAfterTestExecutionCallbacks.java:84) [spring-test-5.1.6.RELEASE.jar:5.1.6.RELEASE]
	at org.springframework.test.context.junit4.statements.RunBeforeTestMethodCallbacks.evaluate(RunBeforeTestMethodCallbacks.java:75) [spring-test-5.1.6.RELEASE.jar:5.1.6.RELEASE]
	at org.springframework.test.context.junit4.statements.RunAfterTestMethodCallbacks.evaluate(RunAfterTestMethodCallbacks.java:86) [spring-test-5.1.6.RELEASE.jar:5.1.6.RELEASE]
	at org.springframework.test.context.junit4.statements.SpringRepeat.evaluate(SpringRepeat.java:84) [spring-test-5.1.6.RELEASE.jar:5.1.6.RELEASE]
	at org.junit.runners.ParentRunner.runLeaf(ParentRunner.java:325) [junit-4.12.jar:4.12]
	at org.springframework.test.context.junit4.SpringJUnit4ClassRunner.runChild(SpringJUnit4ClassRunner.java:251) [spring-test-5.1.6.RELEASE.jar:5.1.6.RELEASE]
	at org.springframework.test.context.junit4.SpringJUnit4ClassRunner.runChild(SpringJUnit4ClassRunner.java:97) [spring-test-5.1.6.RELEASE.jar:5.1.6.RELEASE]
	at org.junit.runners.ParentRunner$3.run(ParentRunner.java:290) [junit-4.12.jar:4.12]
	at org.junit.runners.ParentRunner$1.schedule(ParentRunner.java:71) [junit-4.12.jar:4.12]
	at org.junit.runners.ParentRunner.runChildren(ParentRunner.java:288) [junit-4.12.jar:4.12]
	at org.junit.runners.ParentRunner.access$000(ParentRunner.java:58) [junit-4.12.jar:4.12]
	at org.junit.runners.ParentRunner$2.evaluate(ParentRunner.java:268) [junit-4.12.jar:4.12]
	at org.springframework.test.context.junit4.statements.RunBeforeTestClassCallbacks.evaluate(RunBeforeTestClassCallbacks.java:61) [spring-test-5.1.6.RELEASE.jar:5.1.6.RELEASE]
	at org.springframework.test.context.junit4.statements.RunAfterTestClassCallbacks.evaluate(RunAfterTestClassCallbacks.java:70) [spring-test-5.1.6.RELEASE.jar:5.1.6.RELEASE]
	at org.junit.runners.ParentRunner.run(ParentRunner.java:363) [junit-4.12.jar:4.12]
	at org.springframework.test.context.junit4.SpringJUnit4ClassRunner.run(SpringJUnit4ClassRunner.java:190) [spring-test-5.1.6.RELEASE.jar:5.1.6.RELEASE]
	at org.apache.maven.surefire.junit4.JUnit4Provider.execute(JUnit4Provider.java:365) [surefire-junit4-2.22.1.jar:2.22.1]
	at org.apache.maven.surefire.junit4.JUnit4Provider.executeWithRerun(JUnit4Provider.java:273) [surefire-junit4-2.22.1.jar:2.22.1]
	at org.apache.maven.surefire.junit4.JUnit4Provider.executeTestSet(JUnit4Provider.java:238) [surefire-junit4-2.22.1.jar:2.22.1]
	at org.apache.maven.surefire.junit4.JUnit4Provider.invoke(JUnit4Provider.java:159) [surefire-junit4-2.22.1.jar:2.22.1]
	at org.apache.maven.surefire.booter.ForkedBooter.invokeProviderInSameClassLoader(ForkedBooter.java:384) [surefire-booter-2.22.1.jar:2.22.1]
	at org.apache.maven.surefire.booter.ForkedBooter.runSuitesInProcess(ForkedBooter.java:345) [surefire-booter-2.22.1.jar:2.22.1]
	at org.apache.maven.surefire.booter.ForkedBooter.execute(ForkedBooter.java:126) [surefire-booter-2.22.1.jar:2.22.1]
	at org.apache.maven.surefire.booter.ForkedBooter.main(ForkedBooter.java:418) [surefire-booter-2.22.1.jar:2.22.1]

2021-11-10 18:51:35.198  INFO 13620 --- [main] .b.t.c.SpringBootTestContextBootstrapper : Neither @ContextConfiguration nor @ContextHierarchy found for test class [tn.esprit.spring.EntrepriseServiceImplTest], using SpringBootContextLoader
2021-11-10 18:51:35.199  INFO 13620 --- [main] o.s.t.c.support.AbstractContextLoader    : Could not detect default resource locations for test class [tn.esprit.spring.EntrepriseServiceImplTest]: no resource found for suffixes {-context.xml, Context.groovy}.
2021-11-10 18:51:35.200  INFO 13620 --- [main] t.c.s.AnnotationConfigContextLoaderUtils : Could not detect default configuration classes for test class [tn.esprit.spring.EntrepriseServiceImplTest]: EntrepriseServiceImplTest does not declare any static, non-private, non-final, nested classes annotated with @Configuration.
2021-11-10 18:51:35.202  INFO 13620 --- [main] .b.t.c.SpringBootTestContextBootstrapper : Found @SpringBootConfiguration tn.esprit.spring.TimesheetSpringBootCoreDataJpaMvcRest1Application for test class tn.esprit.spring.EntrepriseServiceImplTest
2021-11-10 18:51:35.203  INFO 13620 --- [main] .b.t.c.SpringBootTestContextBootstrapper : Loaded default TestExecutionListener class names from location [META-INF/spring.factories]: [org.springframework.boot.test.mock.mockito.MockitoTestExecutionListener, org.springframework.boot.test.mock.mockito.ResetMocksTestExecutionListener, org.springframework.boot.test.autoconfigure.restdocs.RestDocsTestExecutionListener, org.springframework.boot.test.autoconfigure.web.client.MockRestServiceServerResetTestExecutionListener, org.springframework.boot.test.autoconfigure.web.servlet.MockMvcPrintOnlyOnFailureTestExecutionListener, org.springframework.boot.test.autoconfigure.web.servlet.WebDriverTestExecutionListener, org.springframework.test.context.web.ServletTestExecutionListener, org.springframework.test.context.support.DirtiesContextBeforeModesTestExecutionListener, org.springframework.test.context.support.DependencyInjectionTestExecutionListener, org.springframework.test.context.support.DirtiesContextTestExecutionListener, org.springframework.test.context.transaction.TransactionalTestExecutionListener, org.springframework.test.context.jdbc.SqlScriptsTestExecutionListener]
2021-11-10 18:51:35.204  INFO 13620 --- [main] .b.t.c.SpringBootTestContextBootstrapper : Using TestExecutionListeners: [org.springframework.test.context.web.ServletTestExecutionListener@44cc522a, org.springframework.test.context.support.DirtiesContextBeforeModesTestExecutionListener@57ebd096, org.springframework.boot.test.mock.mockito.MockitoTestExecutionListener@582be4cc, org.springframework.boot.test.autoconfigure.SpringBootDependencyInjectionTestExecutionListener@504243a2, org.springframework.test.context.support.DirtiesContextTestExecutionListener@76b90682, org.springframework.test.context.transaction.TransactionalTestExecutionListener@7f5f07a3, org.springframework.test.context.jdbc.SqlScriptsTestExecutionListener@78d59100, org.springframework.boot.test.mock.mockito.ResetMocksTestExecutionListener@3a4892eb, org.springframework.boot.test.autoconfigure.restdocs.RestDocsTestExecutionListener@47b1e36, org.springframework.boot.test.autoconfigure.web.client.MockRestServiceServerResetTestExecutionListener@31e6305, org.springframework.boot.test.autoconfigure.web.servlet.MockMvcPrintOnlyOnFailureTestExecutionListener@5797aff7, org.springframework.boot.test.autoconfigure.web.servlet.WebDriverTestExecutionListener@29b6a024]
2021-11-10 18:51:35.247  INFO 13620 --- [main] t.e.spring.EntrepriseServiceImplTest     : entreprise : Entreprise [id=146, name=entreprise2, raisonSocial=raisonSocial2, departements=[]]
2021-11-10 18:51:35.253  INFO 13620 --- [main] t.e.spring.EntrepriseServiceImplTest     : Ajouter avec succes147
2021-11-10 18:51:35.527  INFO 13620 --- [Thread-3] o.s.s.concurrent.ThreadPoolTaskExecutor  : Shutting down ExecutorService 'applicationTaskExecutor'
2021-11-10 18:51:35.530  INFO 13620 --- [Thread-3] j.LocalContainerEntityManagerFactoryBean : Closing JPA EntityManagerFactory for persistence unit 'default'
2021-11-10 18:51:35.534  INFO 13620 --- [Thread-3] com.zaxxer.hikari.HikariDataSource       : HikariPool-1 - Shutdown initiated...
2021-11-10 18:51:35.751  INFO 13620 --- [Thread-3] com.zaxxer.hikari.HikariDataSource       : HikariPool-1 - Shutdown completed.
2021-11-10 18:53:29.929  INFO 14888 --- [main] SpringBootCoreDataJpaMvcRest1Application : Starting TimesheetSpringBootCoreDataJpaMvcRest1Application on DESKTOP-MPGD0JV with PID 14888 (C:\Users\syrine\Documents\GitHub\timesheetDevops\target\classes started by syrine in C:\Users\syrine\Documents\GitHub\timesheetDevops)
2021-11-10 18:53:29.931  INFO 14888 --- [main] SpringBootCoreDataJpaMvcRest1Application : No active profile set, falling back to default profiles: default
2021-11-10 18:53:30.423  INFO 14888 --- [main] .s.d.r.c.RepositoryConfigurationDelegate : Bootstrapping Spring Data repositories in DEFAULT mode.
2021-11-10 18:53:30.485  INFO 14888 --- [main] .s.d.r.c.RepositoryConfigurationDelegate : Finished Spring Data repository scanning in 57ms. Found 6 repository interfaces.
2021-11-10 18:53:30.721  INFO 14888 --- [main] trationDelegate$BeanPostProcessorChecker : Bean 'org.springframework.transaction.annotation.ProxyTransactionManagementConfiguration' of type [org.springframework.transaction.annotation.ProxyTransactionManagementConfiguration$$EnhancerBySpringCGLIB$$b3e61def] is not eligible for getting processed by all BeanPostProcessors (for example: not eligible for auto-proxying)
2021-11-10 18:53:32.133  INFO 14888 --- [main] o.s.b.w.embedded.tomcat.TomcatWebServer  : Tomcat initialized with port(s): 8089 (http)
2021-11-10 18:53:32.182  INFO 14888 --- [main] o.apache.catalina.core.StandardService   : Starting service [Tomcat]
2021-11-10 18:53:32.182  INFO 14888 --- [main] org.apache.catalina.core.StandardEngine  : Starting Servlet engine: [Apache Tomcat/9.0.17]
2021-11-10 18:53:32.276  INFO 14888 --- [main] o.a.c.c.C.[.[localhost].[/SpringMVC]     : Initializing Spring embedded WebApplicationContext
2021-11-10 18:53:32.277  INFO 14888 --- [main] o.s.web.context.ContextLoader            : Root WebApplicationContext: initialization completed in 2314 ms
2021-11-10 18:53:32.393  INFO 14888 --- [main] com.zaxxer.hikari.HikariDataSource       : HikariPool-1 - Starting...
2021-11-10 18:53:32.520  INFO 14888 --- [main] com.zaxxer.hikari.HikariDataSource       : HikariPool-1 - Start completed.
2021-11-10 18:53:32.568  INFO 14888 --- [main] o.hibernate.jpa.internal.util.LogHelper  : HHH000204: Processing PersistenceUnitInfo [
	name: default
	...]
2021-11-10 18:53:32.662  INFO 14888 --- [main] org.hibernate.Version                    : HHH000412: Hibernate Core {5.3.9.Final}
2021-11-10 18:53:32.663  INFO 14888 --- [main] org.hibernate.cfg.Environment            : HHH000206: hibernate.properties not found
2021-11-10 18:53:32.777  INFO 14888 --- [main] o.hibernate.annotations.common.Version   : HCANN000001: Hibernate Commons Annotations {5.0.4.Final}
2021-11-10 18:53:32.899  INFO 14888 --- [main] org.hibernate.dialect.Dialect            : HHH000400: Using dialect: org.hibernate.dialect.MySQL5Dialect
2021-11-10 18:53:35.037  INFO 14888 --- [main] j.LocalContainerEntityManagerFactoryBean : Initialized JPA EntityManagerFactory for persistence unit 'default'
2021-11-10 18:53:35.309  INFO 14888 --- [main] o.h.h.i.QueryTranslatorFactoryInitiator  : HHH000397: Using ASTQueryTranslatorFactory
2021-11-10 18:53:35.679  INFO 14888 --- [main] o.s.s.concurrent.ThreadPoolTaskExecutor  : Initializing ExecutorService 'applicationTaskExecutor'
2021-11-10 18:53:35.712  WARN 14888 --- [main] aWebConfiguration$JpaWebMvcConfiguration : spring.jpa.open-in-view is enabled by default. Therefore, database queries may be performed during view rendering. Explicitly configure spring.jpa.open-in-view to disable this warning
2021-11-10 18:53:35.988  INFO 14888 --- [main] o.s.b.w.embedded.tomcat.TomcatWebServer  : Tomcat started on port(s): 8089 (http) with context path '/SpringMVC'
2021-11-10 18:53:35.990  INFO 14888 --- [main] SpringBootCoreDataJpaMvcRest1Application : Started TimesheetSpringBootCoreDataJpaMvcRest1Application in 6.392 seconds (JVM running for 8.461)
2021-11-10 18:53:42.728  INFO 15572 --- [main] t.e.spring.EntrepriseServiceImplTest     : Starting EntrepriseServiceImplTest on DESKTOP-MPGD0JV with PID 15572 (started by syrine in C:\Users\syrine\Documents\GitHub\timesheetDevops)
2021-11-10 18:53:42.729  INFO 15572 --- [main] t.e.spring.EntrepriseServiceImplTest     : No active profile set, falling back to default profiles: default
2021-11-10 18:53:43.510  INFO 15572 --- [main] .s.d.r.c.RepositoryConfigurationDelegate : Bootstrapping Spring Data repositories in DEFAULT mode.
2021-11-10 18:53:43.620  INFO 15572 --- [main] .s.d.r.c.RepositoryConfigurationDelegate : Finished Spring Data repository scanning in 102ms. Found 6 repository interfaces.
2021-11-10 18:53:44.068  INFO 15572 --- [main] trationDelegate$BeanPostProcessorChecker : Bean 'org.springframework.transaction.annotation.ProxyTransactionManagementConfiguration' of type [org.springframework.transaction.annotation.ProxyTransactionManagementConfiguration$$EnhancerBySpringCGLIB$$12d1935a] is not eligible for getting processed by all BeanPostProcessors (for example: not eligible for auto-proxying)
2021-11-10 18:53:44.335  INFO 15572 --- [main] com.zaxxer.hikari.HikariDataSource       : HikariPool-1 - Starting...
2021-11-10 18:53:45.958  INFO 15572 --- [main] com.zaxxer.hikari.HikariDataSource       : HikariPool-1 - Start completed.
2021-11-10 18:53:46.129  INFO 15572 --- [main] o.hibernate.jpa.internal.util.LogHelper  : HHH000204: Processing PersistenceUnitInfo [
	name: default
	...]
2021-11-10 18:53:46.206  INFO 15572 --- [main] org.hibernate.Version                    : HHH000412: Hibernate Core {5.3.9.Final}
2021-11-10 18:53:46.209  INFO 15572 --- [main] org.hibernate.cfg.Environment            : HHH000206: hibernate.properties not found
2021-11-10 18:53:46.391  INFO 15572 --- [main] o.hibernate.annotations.common.Version   : HCANN000001: Hibernate Commons Annotations {5.0.4.Final}
2021-11-10 18:53:46.851  INFO 15572 --- [main] org.hibernate.dialect.Dialect            : HHH000400: Using dialect: org.hibernate.dialect.MySQL5Dialect
2021-11-10 18:53:49.896  INFO 15572 --- [main] j.LocalContainerEntityManagerFactoryBean : Initialized JPA EntityManagerFactory for persistence unit 'default'
2021-11-10 18:53:50.306  INFO 15572 --- [main] o.h.h.i.QueryTranslatorFactoryInitiator  : HHH000397: Using ASTQueryTranslatorFactory
2021-11-10 18:53:51.430  INFO 15572 --- [main] o.s.s.concurrent.ThreadPoolTaskExecutor  : Initializing ExecutorService 'applicationTaskExecutor'
2021-11-10 18:53:51.681  WARN 15572 --- [main] aWebConfiguration$JpaWebMvcConfiguration : spring.jpa.open-in-view is enabled by default. Therefore, database queries may be performed during view rendering. Explicitly configure spring.jpa.open-in-view to disable this warning
2021-11-10 18:53:52.240  INFO 15572 --- [main] t.e.spring.EntrepriseServiceImplTest     : Started EntrepriseServiceImplTest in 9.812 seconds (JVM running for 11.0)
2021-11-10 18:53:52.526  INFO 15572 --- [main] t.e.spring.EntrepriseServiceImplTest     : entreprise : Entreprise [id=149, name=entreprise2, raisonSocial=raisonSocial2, departements=[]]
2021-11-10 18:53:52.534  INFO 15572 --- [main] t.e.spring.EntrepriseServiceImplTest     : Ajouter avec succes150
2021-11-10 18:53:52.569  INFO 15572 --- [main] tn.esprit.spring.ContartServiceTest      : ajouterContrat : tn.esprit.spring.entities.Contrat@45bf93bb
2021-11-10 18:53:52.587  INFO 15572 --- [main] tn.esprit.spring.ContartServiceTest      : deleteAllContratJPQL 
2021-11-10 18:53:52.607  INFO 15572 --- [main] tn.esprit.spring.ContartServiceTest      : deleteContratById : tn.esprit.spring.entities.Contrat@751686aa
2021-11-10 18:53:52.626 ERROR 15572 --- [main] tn.esprit.spring.ContartServiceTest      : Erreur affecterContratAEmploye : Contrat : tn.esprit.spring.entities.Contrat@fbbd90c Employe : tn.esprit.spring.entities.Employe@21c34bf8
2021-11-10 18:53:52.634  INFO 15572 --- [Thread-2] o.s.s.concurrent.ThreadPoolTaskExecutor  : Shutting down ExecutorService 'applicationTaskExecutor'
2021-11-10 18:53:52.637  INFO 15572 --- [Thread-2] j.LocalContainerEntityManagerFactoryBean : Closing JPA EntityManagerFactory for persistence unit 'default'
2021-11-10 18:53:52.640  INFO 15572 --- [Thread-2] com.zaxxer.hikari.HikariDataSource       : HikariPool-1 - Shutdown initiated...
2021-11-10 18:53:52.653  INFO 15572 --- [Thread-2] com.zaxxer.hikari.HikariDataSource       : HikariPool-1 - Shutdown completed.
2021-11-10 19:32:58.493  INFO 14888 --- [RMI TCP Connection(50)-127.0.0.1] inMXBeanRegistrar$SpringApplicationAdmin : Application shutdown requested.
2021-11-10 19:32:58.537  INFO 14888 --- [RMI TCP Connection(50)-127.0.0.1] o.s.s.concurrent.ThreadPoolTaskExecutor  : Shutting down ExecutorService 'applicationTaskExecutor'
2021-11-10 19:32:58.544  INFO 14888 --- [RMI TCP Connection(50)-127.0.0.1] j.LocalContainerEntityManagerFactoryBean : Closing JPA EntityManagerFactory for persistence unit 'default'
2021-11-10 19:32:58.564  INFO 14888 --- [RMI TCP Connection(50)-127.0.0.1] com.zaxxer.hikari.HikariDataSource       : HikariPool-1 - Shutdown initiated...
2021-11-10 19:32:58.574  INFO 14888 --- [RMI TCP Connection(50)-127.0.0.1] com.zaxxer.hikari.HikariDataSource       : HikariPool-1 - Shutdown completed.
2021-11-10 19:45:15.807  INFO 7148 --- [main] tn.esprit.spring.ContartServiceTest      : Starting ContartServiceTest on DESKTOP-MPGD0JV with PID 7148 (started by syrine in C:\Users\syrine\Documents\GitHub\timesheetDevops)
2021-11-10 19:45:15.809  INFO 7148 --- [main] tn.esprit.spring.ContartServiceTest      : No active profile set, falling back to default profiles: default
2021-11-10 19:45:16.817  INFO 7148 --- [main] .s.d.r.c.RepositoryConfigurationDelegate : Bootstrapping Spring Data repositories in DEFAULT mode.
2021-11-10 19:45:16.929  INFO 7148 --- [main] .s.d.r.c.RepositoryConfigurationDelegate : Finished Spring Data repository scanning in 102ms. Found 6 repository interfaces.
2021-11-10 19:45:17.664  INFO 7148 --- [main] trationDelegate$BeanPostProcessorChecker : Bean 'org.springframework.transaction.annotation.ProxyTransactionManagementConfiguration' of type [org.springframework.transaction.annotation.ProxyTransactionManagementConfiguration$$EnhancerBySpringCGLIB$$daa44332] is not eligible for getting processed by all BeanPostProcessors (for example: not eligible for auto-proxying)
2021-11-10 19:45:18.014  INFO 7148 --- [main] com.zaxxer.hikari.HikariDataSource       : HikariPool-1 - Starting...
2021-11-10 19:45:18.423  INFO 7148 --- [main] com.zaxxer.hikari.HikariDataSource       : HikariPool-1 - Start completed.
2021-11-10 19:45:18.521  INFO 7148 --- [main] o.hibernate.jpa.internal.util.LogHelper  : HHH000204: Processing PersistenceUnitInfo [
	name: default
	...]
2021-11-10 19:45:18.709  INFO 7148 --- [main] org.hibernate.Version                    : HHH000412: Hibernate Core {5.3.9.Final}
2021-11-10 19:45:18.711  INFO 7148 --- [main] org.hibernate.cfg.Environment            : HHH000206: hibernate.properties not found
2021-11-10 19:45:18.996  INFO 7148 --- [main] o.hibernate.annotations.common.Version   : HCANN000001: Hibernate Commons Annotations {5.0.4.Final}
2021-11-10 19:45:19.523  INFO 7148 --- [main] org.hibernate.dialect.Dialect            : HHH000400: Using dialect: org.hibernate.dialect.MySQL5Dialect
2021-11-10 19:45:23.080  INFO 7148 --- [main] j.LocalContainerEntityManagerFactoryBean : Initialized JPA EntityManagerFactory for persistence unit 'default'
2021-11-10 19:45:24.241  INFO 7148 --- [main] o.h.h.i.QueryTranslatorFactoryInitiator  : HHH000397: Using ASTQueryTranslatorFactory
2021-11-10 19:45:25.568  INFO 7148 --- [main] o.s.s.concurrent.ThreadPoolTaskExecutor  : Initializing ExecutorService 'applicationTaskExecutor'
2021-11-10 19:45:25.684  WARN 7148 --- [main] aWebConfiguration$JpaWebMvcConfiguration : spring.jpa.open-in-view is enabled by default. Therefore, database queries may be performed during view rendering. Explicitly configure spring.jpa.open-in-view to disable this warning
2021-11-10 19:45:26.281  INFO 7148 --- [main] tn.esprit.spring.ContartServiceTest      : Started ContartServiceTest in 10.961 seconds (JVM running for 12.851)
2021-11-10 19:45:26.930  INFO 7148 --- [main] tn.esprit.spring.ContartServiceTest      : ajouterContrat : tn.esprit.spring.entities.Contrat@1072c2b
2021-11-10 19:45:26.962  INFO 7148 --- [main] tn.esprit.spring.ContartServiceTest      : deleteAllContratJPQL 
2021-11-10 19:45:27.154  INFO 7148 --- [main] tn.esprit.spring.ContartServiceTest      : deleteContratById : tn.esprit.spring.entities.Contrat@3d9d2bd3
2021-11-10 19:45:27.179 ERROR 7148 --- [main] tn.esprit.spring.ContartServiceTest      : Erreur affecterContratAEmploye : Contrat : tn.esprit.spring.entities.Contrat@84135aa Employe : tn.esprit.spring.entities.Employe@2364350e
2021-11-10 19:45:27.181  INFO 7148 --- [main] .b.t.c.SpringBootTestContextBootstrapper : Neither @ContextConfiguration nor @ContextHierarchy found for test class [tn.esprit.spring.EntrepriseServiceImplTest], using SpringBootContextLoader
2021-11-10 19:45:27.183  INFO 7148 --- [main] o.s.t.c.support.AbstractContextLoader    : Could not detect default resource locations for test class [tn.esprit.spring.EntrepriseServiceImplTest]: no resource found for suffixes {-context.xml, Context.groovy}.
2021-11-10 19:45:27.183  INFO 7148 --- [main] t.c.s.AnnotationConfigContextLoaderUtils : Could not detect default configuration classes for test class [tn.esprit.spring.EntrepriseServiceImplTest]: EntrepriseServiceImplTest does not declare any static, non-private, non-final, nested classes annotated with @Configuration.
2021-11-10 19:45:27.185  INFO 7148 --- [main] .b.t.c.SpringBootTestContextBootstrapper : Found @SpringBootConfiguration tn.esprit.spring.TimesheetSpringBootCoreDataJpaMvcRest1Application for test class tn.esprit.spring.EntrepriseServiceImplTest
2021-11-10 19:45:27.186  INFO 7148 --- [main] .b.t.c.SpringBootTestContextBootstrapper : Loaded default TestExecutionListener class names from location [META-INF/spring.factories]: [org.springframework.boot.test.mock.mockito.MockitoTestExecutionListener, org.springframework.boot.test.mock.mockito.ResetMocksTestExecutionListener, org.springframework.boot.test.autoconfigure.restdocs.RestDocsTestExecutionListener, org.springframework.boot.test.autoconfigure.web.client.MockRestServiceServerResetTestExecutionListener, org.springframework.boot.test.autoconfigure.web.servlet.MockMvcPrintOnlyOnFailureTestExecutionListener, org.springframework.boot.test.autoconfigure.web.servlet.WebDriverTestExecutionListener, org.springframework.test.context.web.ServletTestExecutionListener, org.springframework.test.context.support.DirtiesContextBeforeModesTestExecutionListener, org.springframework.test.context.support.DependencyInjectionTestExecutionListener, org.springframework.test.context.support.DirtiesContextTestExecutionListener, org.springframework.test.context.transaction.TransactionalTestExecutionListener, org.springframework.test.context.jdbc.SqlScriptsTestExecutionListener]
2021-11-10 19:45:27.187  INFO 7148 --- [main] .b.t.c.SpringBootTestContextBootstrapper : Using TestExecutionListeners: [org.springframework.test.context.web.ServletTestExecutionListener@5493f4d, org.springframework.test.context.support.DirtiesContextBeforeModesTestExecutionListener@424a62b, org.springframework.boot.test.mock.mockito.MockitoTestExecutionListener@66a2fe4, org.springframework.boot.test.autoconfigure.SpringBootDependencyInjectionTestExecutionListener@746613dc, org.springframework.test.context.support.DirtiesContextTestExecutionListener@3819e94a, org.springframework.test.context.transaction.TransactionalTestExecutionListener@192d059c, org.springframework.test.context.jdbc.SqlScriptsTestExecutionListener@4eef1c52, org.springframework.boot.test.mock.mockito.ResetMocksTestExecutionListener@ad30ea0, org.springframework.boot.test.autoconfigure.restdocs.RestDocsTestExecutionListener@7d77e509, org.springframework.boot.test.autoconfigure.web.client.MockRestServiceServerResetTestExecutionListener@c071ede, org.springframework.boot.test.autoconfigure.web.servlet.MockMvcPrintOnlyOnFailureTestExecutionListener@3abc8e80, org.springframework.boot.test.autoconfigure.web.servlet.WebDriverTestExecutionListener@28882179]
2021-11-10 19:45:27.440  INFO 7148 --- [main] t.e.spring.EntrepriseServiceImplTest     : entreprise : Entreprise [id=152, name=entreprise2, raisonSocial=raisonSocial2, departements=[]]
2021-11-10 19:45:27.449  INFO 7148 --- [main] t.e.spring.EntrepriseServiceImplTest     : Ajouter avec succes153
2021-11-10 19:45:27.486  INFO 7148 --- [Thread-3] o.s.s.concurrent.ThreadPoolTaskExecutor  : Shutting down ExecutorService 'applicationTaskExecutor'
2021-11-10 19:45:27.489  INFO 7148 --- [Thread-3] j.LocalContainerEntityManagerFactoryBean : Closing JPA EntityManagerFactory for persistence unit 'default'
2021-11-10 19:45:27.493  INFO 7148 --- [Thread-3] com.zaxxer.hikari.HikariDataSource       : HikariPool-1 - Shutdown initiated...
2021-11-10 19:45:27.684  INFO 7148 --- [Thread-3] com.zaxxer.hikari.HikariDataSource       : HikariPool-1 - Shutdown completed.
